{
"src/bootstrap.ts":{"path":"src/bootstrap.ts","statementMap":{"1":{"start":{"line":1,"column":0},"end":{"line":1,"column":76}},"2":{"start":{"line":2,"column":0},"end":{"line":2,"column":88}},"3":{"start":{"line":3,"column":0},"end":{"line":3,"column":86}},"4":{"start":{"line":13,"column":24},"end":{"line":13,"column":45}},"5":{"start":{"line":14,"column":2},"end":{"line":14,"column":56}},"6":{"start":{"line":15,"column":2},"end":{"line":15,"column":62}},"7":{"start":{"line":17,"column":2},"end":{"line":22,"column":3}},"8":{"start":{"line":18,"column":4},"end":{"line":19,"column":64}},"9":{"start":{"line":20,"column":4},"end":{"line":21,"column":70}},"10":{"start":{"line":24,"column":2},"end":{"line":26,"column":4}},"11":{"start":{"line":12,"column":16},"end":{"line":27,"column":1}}},"fnMap":{"1":{"name":"bootstrap","line":12,"loc":{"start":{"line":12,"column":47},"end":{"line":27,"column":1}}}},"branchMap":{"1":{"line":17,"type":"if","locations":[{"start":{"line":17,"column":2},"end":{"line":22,"column":3}},{"start":{"line":17,"column":2},"end":{"line":22,"column":3}}]},"2":{"line":18,"type":"binary-expr","locations":[{"start":{"line":18,"column":4},"end":{"line":18,"column":22}},{"start":{"line":19,"column":6},"end":{"line":19,"column":63}}]},"3":{"line":20,"type":"binary-expr","locations":[{"start":{"line":20,"column":4},"end":{"line":20,"column":25}},{"start":{"line":21,"column":6},"end":{"line":21,"column":69}}]}},"s":{"1":1,"2":1,"3":1,"4":2,"5":2,"6":2,"7":2,"8":0,"9":0,"10":2,"11":1},"b":{"1":[0,2],"2":[0,0],"3":[0,0]},"f":{"1":2},"l":{"1":1,"2":1,"3":1,"12":1,"13":2,"14":2,"15":2,"17":2,"18":0,"20":0,"24":2}},
"src/modules/formatter/formatter-engine.type.ts":{"path":"src/modules/formatter/formatter-engine.type.ts","statementMap":{"1":{"start":{"line":5,"column":0},"end":{"line":5,"column":92}},"2":{"start":{"line":6,"column":0},"end":{"line":6,"column":100}},"3":{"start":{"line":8,"column":0},"end":{"line":90,"column":0}},"4":{"start":{"line":21,"column":4},"end":{"line":21,"column":32}},"5":{"start":{"line":22,"column":4},"end":{"line":22,"column":29}},"6":{"start":{"line":25,"column":9},"end":{"line":29,"column":3}},"7":{"start":{"line":26,"column":18},"end":{"line":26,"column":20}},"8":{"start":{"line":27,"column":4},"end":{"line":27,"column":60}},"9":{"start":{"line":28,"column":4},"end":{"line":28,"column":19}},"10":{"start":{"line":36,"column":9},"end":{"line":40,"column":3}},"11":{"start":{"line":36,"column":2},"end":{"line":40,"column":2}},"12":{"start":{"line":37,"column":4},"end":{"line":39,"column":7}},"13":{"start":{"line":38,"column":6},"end":{"line":38,"column":68}},"14":{"start":{"line":46,"column":9},"end":{"line":50,"column":3}},"15":{"start":{"line":46,"column":2},"end":{"line":50,"column":2}},"16":{"start":{"line":47,"column":4},"end":{"line":49,"column":7}},"17":{"start":{"line":48,"column":6},"end":{"line":48,"column":68}},"18":{"start":{"line":52,"column":10},"end":{"line":69,"column":3}},"19":{"start":{"line":52,"column":2},"end":{"line":69,"column":2}},"20":{"start":{"line":53,"column":20},"end":{"line":53,"column":77}},"21":{"start":{"line":54,"column":25},"end":{"line":54,"column":67}},"22":{"start":{"line":56,"column":4},"end":{"line":61,"column":7}},"23":{"start":{"line":57,"column":28},"end":{"line":57,"column":72}},"24":{"start":{"line":58,"column":6},"end":{"line":60,"column":9}},"25":{"start":{"line":59,"column":8},"end":{"line":59,"column":95}},"26":{"start":{"line":63,"column":4},"end":{"line":68,"column":7}},"27":{"start":{"line":64,"column":25},"end":{"line":64,"column":76}},"28":{"start":{"line":65,"column":6},"end":{"line":67,"column":9}},"29":{"start":{"line":66,"column":8},"end":{"line":66,"column":87}},"30":{"start":{"line":76,"column":10},"end":{"line":81,"column":3}},"31":{"start":{"line":77,"column":4},"end":{"line":79,"column":5}},"32":{"start":{"line":78,"column":6},"end":{"line":78,"column":53}},"33":{"start":{"line":80,"column":4},"end":{"line":80,"column":37}},"34":{"start":{"line":87,"column":10},"end":{"line":89,"column":3}},"35":{"start":{"line":88,"column":4},"end":{"line":88,"column":93}},"36":{"start":{"line":90,"column":0},"end":{"line":90,"column":1}},"37":{"start":{"line":8,"column":13},"end":{"line":90,"column":1}}},"fnMap":{"1":{"name":"(anonymous_0)","line":8,"loc":{"start":{"line":8,"column":0},"end":{"line":8,"column":-1}}},"2":{"name":"FormatterEngine","line":20,"loc":{"start":{"line":20,"column":2},"end":{"line":23,"column":3}}},"3":{"name":"(anonymous_2)","line":25,"loc":{"start":{"line":25,"column":66},"end":{"line":29,"column":3}}},"4":{"name":"(anonymous_3)","line":36,"loc":{"start":{"line":36,"column":74},"end":{"line":40,"column":3}}},"5":{"name":"(anonymous_4)","line":37,"loc":{"start":{"line":37,"column":32},"end":{"line":39,"column":5}}},"6":{"name":"(anonymous_5)","line":46,"loc":{"start":{"line":46,"column":72},"end":{"line":50,"column":3}}},"7":{"name":"(anonymous_6)","line":47,"loc":{"start":{"line":47,"column":32},"end":{"line":49,"column":5}}},"8":{"name":"(anonymous_7)","line":52,"loc":{"start":{"line":52,"column":73},"end":{"line":69,"column":3}}},"9":{"name":"(anonymous_8)","line":56,"loc":{"start":{"line":56,"column":37},"end":{"line":61,"column":5}}},"10":{"name":"(anonymous_9)","line":58,"loc":{"start":{"line":58,"column":55},"end":{"line":60,"column":7}}},"11":{"name":"(anonymous_10)","line":63,"loc":{"start":{"line":63,"column":34},"end":{"line":68,"column":5}}},"12":{"name":"(anonymous_11)","line":65,"loc":{"start":{"line":65,"column":55},"end":{"line":67,"column":7}}},"13":{"name":"(anonymous_12)","line":76,"loc":{"start":{"line":76,"column":48},"end":{"line":81,"column":3}}},"14":{"name":"(anonymous_13)","line":87,"loc":{"start":{"line":87,"column":43},"end":{"line":89,"column":3}}}},"branchMap":{"1":{"line":77,"type":"if","locations":[{"start":{"line":77,"column":4},"end":{"line":79,"column":5}},{"start":{"line":77,"column":4},"end":{"line":79,"column":5}}]},"2":{"line":88,"type":"binary-expr","locations":[{"start":{"line":88,"column":11},"end":{"line":88,"column":39}},{"start":{"line":88,"column":43},"end":{"line":88,"column":92}}]}},"s":{"1":1,"2":1,"3":1,"4":2,"5":2,"6":1,"7":1,"8":1,"9":0,"10":1,"11":2,"12":2,"13":6,"14":1,"15":2,"16":2,"17":0,"18":1,"19":1,"20":1,"21":1,"22":1,"23":0,"24":0,"25":0,"26":1,"27":1,"28":1,"29":0,"30":1,"31":2,"32":1,"33":1,"34":1,"35":0,"36":1,"37":1},"b":{"1":[1,1],"2":[0,0]},"f":{"1":1,"2":2,"3":1,"4":2,"5":6,"6":2,"7":0,"8":1,"9":0,"10":0,"11":1,"12":0,"13":2,"14":0},"l":{"5":1,"6":1,"8":1,"21":2,"22":2,"25":1,"26":1,"27":1,"28":0,"36":2,"37":2,"38":6,"46":2,"47":2,"48":0,"52":1,"53":1,"54":1,"56":1,"57":0,"58":0,"59":0,"63":1,"64":1,"65":1,"66":0,"76":1,"77":2,"78":1,"80":1,"87":1,"88":0,"90":1}},
"src/modules/formatter/models/aggregation-formatter/root-agg-formatter.type.ts":{"path":"src/modules/formatter/models/aggregation-formatter/root-agg-formatter.type.ts","statementMap":{"1":{"start":{"line":1,"column":0},"end":{"line":1,"column":86}},"2":{"start":{"line":3,"column":0},"end":{"line":3,"column":66}},"3":{"start":{"line":5,"column":13},"end":{"line":5,"column":41}},"4":{"start":{"line":10,"column":0},"end":{"line":10,"column":68}},"5":{"start":{"line":10,"column":46},"end":{"line":10,"column":68}},"6":{"start":{"line":12,"column":9},"end":{"line":17,"column":3}},"7":{"start":{"line":13,"column":4},"end":{"line":16,"column":6}},"8":{"start":{"line":7,"column":0},"end":{"line":9,"column":2}},"9":{"start":{"line":19,"column":0},"end":{"line":19,"column":1}},"10":{"start":{"line":10,"column":13},"end":{"line":19,"column":1}}},"fnMap":{"1":{"name":"(anonymous_0)","line":10,"loc":{"start":{"line":10,"column":0},"end":{"line":10,"column":-1}}},"2":{"name":"RootAggregationFormatter","line":10,"loc":{"start":{"line":10,"column":0},"end":{"line":19,"column":1}}},"3":{"name":"(anonymous_2)","line":12,"loc":{"start":{"line":12,"column":70},"end":{"line":17,"column":3}}}},"branchMap":{},"s":{"1":1,"2":1,"3":1,"4":1,"5":3,"6":1,"7":1,"8":1,"9":1,"10":1},"b":{},"f":{"1":1,"2":2,"3":1},"l":{"1":1,"3":1,"5":1,"7":1,"10":3,"12":1,"13":1,"19":1}},
"src/modules/formatter/models/aggregation-formatter/aggregation-formatter.type.ts":{"path":"src/modules/formatter/models/aggregation-formatter/aggregation-formatter.type.ts","statementMap":{"1":{"start":{"line":8,"column":0},"end":{"line":11,"column":0}},"2":{"start":{"line":11,"column":0},"end":{"line":11,"column":1}},"3":{"start":{"line":8,"column":22},"end":{"line":11,"column":1}}},"fnMap":{"1":{"name":"(anonymous_0)","line":8,"loc":{"start":{"line":8,"column":0},"end":{"line":8,"column":-1}}},"2":{"name":"KRAggregationFormatter","line":8,"loc":{"start":{"line":8,"column":0},"end":{"line":11,"column":1}}}},"branchMap":{},"s":{"1":1,"2":1,"3":1},"b":{},"f":{"1":1,"2":7},"l":{"8":1,"11":1}},
"src/modules/formatter/models/aggregation-formatter/aggregation-formatter.annotation.ts":{"path":"src/modules/formatter/models/aggregation-formatter/aggregation-formatter.annotation.ts","statementMap":{"1":{"start":{"line":8,"column":2},"end":{"line":10,"column":4}},"2":{"start":{"line":9,"column":4},"end":{"line":9,"column":32}},"3":{"start":{"line":7,"column":16},"end":{"line":11,"column":1}}},"fnMap":{"1":{"name":"AggFormatter","line":7,"loc":{"start":{"line":7,"column":47},"end":{"line":11,"column":1}}},"2":{"name":"(anonymous_1)","line":8,"loc":{"start":{"line":8,"column":55},"end":{"line":10,"column":3}}}},"branchMap":{},"s":{"1":3,"2":3,"3":1},"b":{},"f":{"1":3,"2":3},"l":{"7":1,"8":3,"9":3}},
"src/modules/formatter/models/metric-formatter/default-metric-formatter.type.ts":{"path":"src/modules/formatter/models/metric-formatter/default-metric-formatter.type.ts","statementMap":{"1":{"start":{"line":1,"column":0},"end":{"line":1,"column":60}},"2":{"start":{"line":2,"column":0},"end":{"line":2,"column":64}},"3":{"start":{"line":5,"column":13},"end":{"line":5,"column":51}},"4":{"start":{"line":7,"column":0},"end":{"line":9,"column":2}},"5":{"start":{"line":10,"column":0},"end":{"line":10,"column":61}},"6":{"start":{"line":10,"column":44},"end":{"line":10,"column":61}},"7":{"start":{"line":12,"column":9},"end":{"line":14,"column":3}},"8":{"start":{"line":13,"column":4},"end":{"line":13,"column":30}},"9":{"start":{"line":16,"column":0},"end":{"line":16,"column":1}},"10":{"start":{"line":10,"column":13},"end":{"line":16,"column":1}}},"fnMap":{"1":{"name":"(anonymous_0)","line":10,"loc":{"start":{"line":10,"column":0},"end":{"line":10,"column":-1}}},"2":{"name":"DefaultMetricFormatter","line":10,"loc":{"start":{"line":10,"column":0},"end":{"line":16,"column":1}}},"3":{"name":"(anonymous_2)","line":12,"loc":{"start":{"line":12,"column":65},"end":{"line":14,"column":3}}}},"branchMap":{},"s":{"1":1,"2":1,"3":1,"4":1,"5":1,"6":1,"7":1,"8":0,"9":1,"10":1},"b":{},"f":{"1":1,"2":0,"3":0},"l":{"1":1,"2":1,"5":1,"7":1,"10":1,"12":1,"13":0,"16":1}},
"src/modules/formatter/models/metric-formatter/metric-formatter.type.ts":{"path":"src/modules/formatter/models/metric-formatter/metric-formatter.type.ts","statementMap":{"1":{"start":{"line":3,"column":0},"end":{"line":8,"column":0}},"2":{"start":{"line":8,"column":0},"end":{"line":8,"column":1}},"3":{"start":{"line":3,"column":22},"end":{"line":8,"column":1}}},"fnMap":{"1":{"name":"(anonymous_0)","line":3,"loc":{"start":{"line":3,"column":0},"end":{"line":3,"column":-1}}},"2":{"name":"KRMetricFormatter","line":3,"loc":{"start":{"line":3,"column":0},"end":{"line":8,"column":1}}}},"branchMap":{},"s":{"1":1,"2":1,"3":1},"b":{},"f":{"1":1,"2":0},"l":{"3":1,"8":1}},
"src/modules/formatter/models/metric-formatter/metric-formatter.annotation.ts":{"path":"src/modules/formatter/models/metric-formatter/metric-formatter.annotation.ts","statementMap":{"1":{"start":{"line":7,"column":2},"end":{"line":9,"column":4}},"2":{"start":{"line":8,"column":4},"end":{"line":8,"column":38}},"3":{"start":{"line":6,"column":16},"end":{"line":10,"column":1}}},"fnMap":{"1":{"name":"MetricFormatter","line":6,"loc":{"start":{"line":6,"column":53},"end":{"line":10,"column":1}}},"2":{"name":"(anonymous_1)","line":7,"loc":{"start":{"line":7,"column":50},"end":{"line":9,"column":3}}}},"branchMap":{},"s":{"1":1,"2":0,"3":1},"b":{},"f":{"1":1,"2":0},"l":{"6":1,"7":1,"8":0}},
"src/modules/formatter/models/aggregation-formatter/index.ts":{"path":"src/modules/formatter/models/aggregation-formatter/index.ts","statementMap":{"1":{"start":{"line":1,"column":0},"end":{"line":1,"column":75}},"2":{"start":{"line":2,"column":0},"end":{"line":2,"column":69}},"3":{"start":{"line":3,"column":0},"end":{"line":3,"column":60}},"4":{"start":{"line":5,"column":13},"end":{"line":5,"column":102}}},"fnMap":{},"branchMap":{},"s":{"1":1,"2":1,"3":1,"4":1},"b":{},"f":{},"l":{"1":1,"2":1,"3":1,"5":1}},
"src/modules/formatter/models/aggregation-formatter/date-histogram-formatter.type.ts":{"path":"src/modules/formatter/models/aggregation-formatter/date-histogram-formatter.type.ts","statementMap":{"1":{"start":{"line":1,"column":0},"end":{"line":1,"column":86}},"2":{"start":{"line":3,"column":0},"end":{"line":3,"column":66}},"3":{"start":{"line":8,"column":0},"end":{"line":8,"column":68}},"4":{"start":{"line":8,"column":46},"end":{"line":8,"column":68}},"5":{"start":{"line":10,"column":9},"end":{"line":18,"column":3}},"6":{"start":{"line":11,"column":17},"end":{"line":11,"column":61}},"7":{"start":{"line":11,"column":44},"end":{"line":11,"column":60}},"8":{"start":{"line":12,"column":4},"end":{"line":12,"column":32}},"9":{"start":{"line":14,"column":4},"end":{"line":17,"column":6}},"10":{"start":{"line":15,"column":35},"end":{"line":15,"column":39}},"11":{"start":{"line":5,"column":0},"end":{"line":7,"column":2}},"12":{"start":{"line":20,"column":0},"end":{"line":20,"column":1}},"13":{"start":{"line":8,"column":13},"end":{"line":20,"column":1}}},"fnMap":{"1":{"name":"(anonymous_0)","line":8,"loc":{"start":{"line":8,"column":0},"end":{"line":8,"column":-1}}},"2":{"name":"KRDateHistogramFormatter","line":8,"loc":{"start":{"line":8,"column":0},"end":{"line":20,"column":1}}},"3":{"name":"(anonymous_2)","line":10,"loc":{"start":{"line":10,"column":88},"end":{"line":18,"column":3}}},"4":{"name":"(anonymous_3)","line":11,"loc":{"start":{"line":11,"column":40},"end":{"line":11,"column":60}}},"5":{"name":"(anonymous_4)","line":15,"loc":{"start":{"line":15,"column":31},"end":{"line":15,"column":39}}}},"branchMap":{},"s":{"1":1,"2":1,"3":1,"4":4,"5":1,"6":1,"7":9,"8":1,"9":1,"10":9,"11":1,"12":1,"13":1},"b":{},"f":{"1":1,"2":3,"3":1,"4":9,"5":9},"l":{"1":1,"3":1,"5":1,"8":4,"10":1,"11":9,"12":1,"14":1,"15":9,"20":1}},
"src/modules/formatter/models/aggregation-formatter/filter-formatter.type.ts":{"path":"src/modules/formatter/models/aggregation-formatter/filter-formatter.type.ts","statementMap":{"1":{"start":{"line":1,"column":0},"end":{"line":1,"column":86}},"2":{"start":{"line":3,"column":0},"end":{"line":3,"column":66}},"3":{"start":{"line":8,"column":0},"end":{"line":8,"column":61}},"4":{"start":{"line":8,"column":39},"end":{"line":8,"column":61}},"5":{"start":{"line":10,"column":9},"end":{"line":17,"column":3}},"6":{"start":{"line":11,"column":4},"end":{"line":11,"column":41}},"7":{"start":{"line":13,"column":4},"end":{"line":16,"column":6}},"8":{"start":{"line":5,"column":0},"end":{"line":7,"column":2}},"9":{"start":{"line":19,"column":0},"end":{"line":19,"column":1}},"10":{"start":{"line":8,"column":13},"end":{"line":19,"column":1}}},"fnMap":{"1":{"name":"(anonymous_0)","line":8,"loc":{"start":{"line":8,"column":0},"end":{"line":8,"column":-1}}},"2":{"name":"KRFilterFormatter","line":8,"loc":{"start":{"line":8,"column":0},"end":{"line":19,"column":1}}},"3":{"name":"(anonymous_2)","line":10,"loc":{"start":{"line":10,"column":70},"end":{"line":17,"column":3}}}},"branchMap":{},"s":{"1":1,"2":1,"3":1,"4":3,"5":1,"6":0,"7":0,"8":1,"9":1,"10":1},"b":{},"f":{"1":1,"2":2,"3":0},"l":{"1":1,"3":1,"5":1,"8":3,"10":1,"11":0,"13":0,"19":1}},
"src/modules/formatter/models/metric-formatter/index.ts":{"path":"src/modules/formatter/models/metric-formatter/index.ts","statementMap":{"1":{"start":{"line":1,"column":13},"end":{"line":1,"column":36}}},"fnMap":{},"branchMap":{},"s":{"1":1},"b":{},"f":{},"l":{"1":1}},
"src/modules/parser/models/query-parser.type.ts":{"path":"src/modules/parser/models/query-parser.type.ts","statementMap":{"1":{"start":{"line":7,"column":0},"end":{"line":94,"column":0}},"2":{"start":{"line":43,"column":9},"end":{"line":54,"column":3}},"3":{"start":{"line":44,"column":46},"end":{"line":49,"column":5}},"4":{"start":{"line":51,"column":4},"end":{"line":51,"column":46}},"5":{"start":{"line":53,"column":4},"end":{"line":53,"column":20}},"6":{"start":{"line":61,"column":10},"end":{"line":85,"column":3}},"7":{"start":{"line":61,"column":2},"end":{"line":85,"column":2}},"8":{"start":{"line":62,"column":4},"end":{"line":84,"column":7}},"9":{"start":{"line":63,"column":6},"end":{"line":83,"column":7}},"10":{"start":{"line":64,"column":25},"end":{"line":64,"column":57}},"11":{"start":{"line":65,"column":42},"end":{"line":68,"column":9}},"12":{"start":{"line":69,"column":8},"end":{"line":69,"column":45}},"13":{"start":{"line":71,"column":30},"end":{"line":71,"column":107}},"14":{"start":{"line":71,"column":70},"end":{"line":71,"column":106}},"15":{"start":{"line":73,"column":50},"end":{"line":78,"column":9}},"16":{"start":{"line":79,"column":33},"end":{"line":79,"column":87}},"17":{"start":{"line":80,"column":8},"end":{"line":80,"column":51}},"18":{"start":{"line":82,"column":8},"end":{"line":82,"column":49}},"19":{"start":{"line":91,"column":10},"end":{"line":93,"column":3}},"20":{"start":{"line":92,"column":4},"end":{"line":92,"column":43}},"21":{"start":{"line":94,"column":0},"end":{"line":94,"column":1}},"22":{"start":{"line":7,"column":13},"end":{"line":94,"column":1}}},"fnMap":{"1":{"name":"(anonymous_0)","line":7,"loc":{"start":{"line":7,"column":0},"end":{"line":7,"column":-1}}},"2":{"name":"KRQueryParser","line":7,"loc":{"start":{"line":7,"column":0},"end":{"line":94,"column":1}}},"3":{"name":"(anonymous_2)","line":43,"loc":{"start":{"line":43,"column":38},"end":{"line":54,"column":3}}},"4":{"name":"(anonymous_3)","line":61,"loc":{"start":{"line":61,"column":87},"end":{"line":85,"column":3}}},"5":{"name":"(anonymous_4)","line":62,"loc":{"start":{"line":62,"column":41},"end":{"line":84,"column":5}}},"6":{"name":"(anonymous_5)","line":71,"loc":{"start":{"line":71,"column":66},"end":{"line":71,"column":106}}},"7":{"name":"(anonymous_6)","line":91,"loc":{"start":{"line":91,"column":27},"end":{"line":93,"column":3}}}},"branchMap":{"1":{"line":63,"type":"if","locations":[{"start":{"line":63,"column":6},"end":{"line":83,"column":7}},{"start":{"line":63,"column":6},"end":{"line":83,"column":7}}]},"2":{"line":71,"type":"binary-expr","locations":[{"start":{"line":71,"column":70},"end":{"line":71,"column":82}},{"start":{"line":71,"column":86},"end":{"line":71,"column":106}}]},"3":{"line":79,"type":"binary-expr","locations":[{"start":{"line":79,"column":33},"end":{"line":79,"column":54}},{"start":{"line":79,"column":58},"end":{"line":79,"column":87}}]},"4":{"line":92,"type":"binary-expr","locations":[{"start":{"line":92,"column":13},"end":{"line":92,"column":21}},{"start":{"line":92,"column":25},"end":{"line":92,"column":41}}]}},"s":{"1":1,"2":1,"3":3,"4":3,"5":3,"6":1,"7":12,"8":12,"9":21,"10":12,"11":12,"12":12,"13":9,"14":12,"15":9,"16":9,"17":9,"18":9,"19":1,"20":21,"21":1,"22":1},"b":{"1":[12,9],"2":[12,9],"3":[9,0],"4":[21,12]},"f":{"1":1,"2":3,"3":3,"4":12,"5":21,"6":12,"7":21},"l":{"7":1,"43":1,"44":3,"51":3,"53":3,"61":12,"62":12,"63":21,"64":12,"65":12,"69":12,"71":12,"73":9,"79":9,"80":9,"82":9,"91":1,"92":21,"94":1}},
"src/meta/mock/sample-query-1.ts":{"path":"src/meta/mock/sample-query-1.ts","statementMap":{"1":{"start":{"line":1,"column":13},"end":{"line":52,"column":2}}},"fnMap":{},"branchMap":{},"s":{"1":1},"b":{},"f":{},"l":{"1":1}},
"src/meta/mock/sample-response-1.ts":{"path":"src/meta/mock/sample-response-1.ts","statementMap":{"1":{"start":{"line":2,"column":13},"end":{"line":207,"column":2}}},"fnMap":{},"branchMap":{},"s":{"1":1},"b":{},"f":{},"l":{"2":1}}}
